<?xml version="1.0" encoding="UTF-8"?>
<!-- Generated by org.testng.reporters.JUnitReportReporter -->
<testsuite hostname="DESKTOP-H4I3TSP" failures="0" tests="1" name="Demo.mvnproject.ExtentReports" time="1.331" errors="0" timestamp="2024-06-16T17:01:55 IST" skipped="0">
  <testcase classname="Demo.mvnproject.ExtentReports" name="testOne" time="1.331"/>
</testsuite> <!-- Demo.mvnproject.ExtentReports -->
