<?xml version="1.0" encoding="UTF-8"?>
<!-- Generated by org.testng.reporters.JUnitReportReporter -->
<testsuite hostname="DESKTOP-H4I3TSP" failures="0" tests="3" name="Demo.mvnproject.DataPro" time="0.010" errors="0" timestamp="2024-06-11T16:01:53 IST" skipped="0">
  <testcase classname="Demo.mvnproject.DataPro" name="loginTest" time="0.001"/>
  <testcase classname="Demo.mvnproject.DataPro" name="loginTest" time="0.001"/>
  <testcase classname="Demo.mvnproject.DataPro" name="loginTest" time="0.008"/>
</testsuite> <!-- Demo.mvnproject.DataPro -->
