<?xml version="1.0" encoding="UTF-8"?>
<!-- Generated by org.testng.reporters.JUnitReportReporter -->
<testsuite hostname="DESKTOP-H4I3TSP" failures="0" tests="1" name="Demo.mvnproject.ExtentReportsDemo" time="11.076" errors="0" timestamp="2024-06-17T10:56:43 IST" skipped="0">
  <testcase classname="Demo.mvnproject.ExtentReportsDemo" name="testOne" time="11.076"/>
</testsuite> <!-- Demo.mvnproject.ExtentReportsDemo -->
