<?xml version="1.0" encoding="UTF-8"?>
<!-- Generated by org.testng.reporters.JUnitReportReporter -->
<testsuite hostname="DESKTOP-H4I3TSP" failures="0" tests="1" name="Demo.mvnproject.Test" time="26.764" errors="0" timestamp="2024-06-11T20:55:28 IST" skipped="0">
  <testcase classname="Demo.mvnproject.Test" name="Sample" time="26.764"/>
</testsuite> <!-- Demo.mvnproject.Test -->
