<?xml version="1.0" encoding="UTF-8"?>
<!-- Generated by org.testng.reporters.JUnitReportReporter -->
<testsuite hostname="DESKTOP-H4I3TSP" failures="0" tests="1" name="Demo.mvnproject.Configuration_Annotations" time="0.004" errors="0" timestamp="2024-09-19T12:01:52 IST" skipped="0">
  <testcase classname="Demo.mvnproject.Configuration_Annotations" name="scheduleAppointment" time="0.004"/>
</testsuite> <!-- Demo.mvnproject.Configuration_Annotations -->
