<?xml version="1.0" encoding="UTF-8"?>
<!-- Generated by org.testng.reporters.JUnitReportReporter -->
<testsuite hostname="DESKTOP-H4I3TSP" failures="0" tests="1" name="Demo.mvnproject.OneTest" time="33.051" errors="0" timestamp="2024-06-11T23:20:47 IST" skipped="0">
  <testcase classname="Demo.mvnproject.OneTest" name="SampleTest" time="33.051"/>
</testsuite> <!-- Demo.mvnproject.OneTest -->
