<?xml version="1.0" encoding="UTF-8"?>
<!-- Generated by org.testng.reporters.JUnitReportReporter -->
<testsuite hostname="DESKTOP-H4I3TSP" failures="0" tests="3" name="Demo.mvnproject.DataProTest" time="0.009" errors="0" timestamp="2024-06-11T22:23:58 IST" skipped="0">
  <testcase classname="Demo.mvnproject.DataProTest" name="loginTest" time="0.009"/>
  <testcase classname="Demo.mvnproject.DataProTest" name="loginTest" time="0.000"/>
  <testcase classname="Demo.mvnproject.DataProTest" name="loginTest" time="0.000"/>
</testsuite> <!-- Demo.mvnproject.DataProTest -->
